<?xml version="1.0" encoding="UTF-8"?>
<robot generator="Robot 3.1 (Python 3.7.0 on win32)" generated="20190318 15:11:43.172" rpa="false">
<suite id="s1" name="QA AccruentChrome" source="C:\Users\Computer GAP\PycharmProjects\NewTest\QA_AccruentChrome.robot">
<test id="s1-t1" name="Log in Accruent">
<kw name="Open Url In Chorme">
<arguments>
<arg>${Url}</arg>
</arguments>
<kw name="Open Browser" library="Selenium2Library">
<doc>Opens a new browser instance to the given ``url``.</doc>
<arguments>
<arg>${Url}</arg>
<arg>Chrome</arg>
</arguments>
<msg timestamp="20190318 15:11:43.439" level="INFO">Opening browser 'Chrome' to base url 'https://stage.expesite.com/login/'.</msg>
<status status="PASS" starttime="20190318 15:11:43.438" endtime="20190318 15:11:48.693"></status>
</kw>
<kw name="Maximize Browser Window" library="Selenium2Library">
<doc>Maximizes current browser window.</doc>
<status status="PASS" starttime="20190318 15:11:48.694" endtime="20190318 15:11:49.808"></status>
</kw>
<kw name="Wait Until Page Contains" library="Selenium2Library">
<doc>Waits until ``text`` appears on current page.</doc>
<arguments>
<arg>Login</arg>
</arguments>
<status status="PASS" starttime="20190318 15:11:49.808" endtime="20190318 15:11:49.826"></status>
</kw>
<status status="PASS" starttime="20190318 15:11:43.438" endtime="20190318 15:11:49.826"></status>
</kw>
<kw name="Input Test On Accruent">
<kw name="Input Text" library="Selenium2Library">
<doc>Types the given ``text`` into text field identified by ``locator``.</doc>
<arguments>
<arg>id=username</arg>
<arg>${User}</arg>
</arguments>
<msg timestamp="20190318 15:11:49.827" level="INFO">Typing text 'devteam' into text field 'id=username'.</msg>
<status status="PASS" starttime="20190318 15:11:49.827" endtime="20190318 15:11:49.932"></status>
</kw>
<kw name="Sleep" library="BuiltIn">
<doc>Pauses the test executed for the given time.</doc>
<arguments>
<arg>1</arg>
</arguments>
<msg timestamp="20190318 15:11:50.935" level="INFO">Slept 1 second</msg>
<status status="PASS" starttime="20190318 15:11:49.933" endtime="20190318 15:11:50.935"></status>
</kw>
<kw name="Input Text" library="Selenium2Library">
<doc>Types the given ``text`` into text field identified by ``locator``.</doc>
<arguments>
<arg>name=password</arg>
<arg>${Password}</arg>
</arguments>
<msg timestamp="20190318 15:11:50.935" level="INFO">Typing text 'Stagedevteam123*' into text field 'name=password'.</msg>
<status status="PASS" starttime="20190318 15:11:50.935" endtime="20190318 15:11:51.054"></status>
</kw>
<kw name="Sleep" library="BuiltIn">
<doc>Pauses the test executed for the given time.</doc>
<arguments>
<arg>1</arg>
</arguments>
<msg timestamp="20190318 15:11:52.056" level="INFO">Slept 1 second</msg>
<status status="PASS" starttime="20190318 15:11:51.054" endtime="20190318 15:11:52.056"></status>
</kw>
<kw name="Click Button" library="Selenium2Library">
<doc>Clicks button identified by ``locator``.</doc>
<arguments>
<arg>//input[@id='image1']</arg>
</arguments>
<msg timestamp="20190318 15:11:52.056" level="INFO">Clicking button '//input[@id='image1']'.</msg>
<status status="PASS" starttime="20190318 15:11:52.056" endtime="20190318 15:11:52.113"></status>
</kw>
<kw name="Sleep" library="BuiltIn">
<doc>Pauses the test executed for the given time.</doc>
<arguments>
<arg>1</arg>
</arguments>
<msg timestamp="20190318 15:11:53.116" level="INFO">Slept 1 second</msg>
<status status="PASS" starttime="20190318 15:11:52.113" endtime="20190318 15:11:53.116"></status>
</kw>
<kw name="Wait Until Page Contains" library="Selenium2Library">
<doc>Waits until ``text`` appears on current page.</doc>
<arguments>
<arg>Expesite</arg>
</arguments>
<status status="PASS" starttime="20190318 15:11:53.116" endtime="20190318 15:12:00.104"></status>
</kw>
<kw name="Sleep" library="BuiltIn">
<doc>Pauses the test executed for the given time.</doc>
<arguments>
<arg>1</arg>
</arguments>
<msg timestamp="20190318 15:12:01.106" level="INFO">Slept 1 second</msg>
<status status="PASS" starttime="20190318 15:12:00.105" endtime="20190318 15:12:01.106"></status>
</kw>
<status status="PASS" starttime="20190318 15:11:49.827" endtime="20190318 15:12:01.106"></status>
</kw>
<kw name="Reports">
<kw name="Select Frame" library="Selenium2Library">
<doc>Sets frame identified by ``locator`` as the current frame.</doc>
<arguments>
<arg>id=top</arg>
</arguments>
<msg timestamp="20190318 15:12:01.107" level="INFO">Selecting frame 'id=top'.</msg>
<status status="PASS" starttime="20190318 15:12:01.106" endtime="20190318 15:12:01.135"></status>
</kw>
<kw name="Click Element" library="Selenium2Library">
<doc>Click element identified by ``locator``.</doc>
<arguments>
<arg>link=My Reports</arg>
</arguments>
<msg timestamp="20190318 15:12:01.135" level="INFO">Clicking element 'link=My Reports'.</msg>
<status status="PASS" starttime="20190318 15:12:01.135" endtime="20190318 15:12:01.275"></status>
</kw>
<kw name="Click Element" library="Selenium2Library">
<doc>Click element identified by ``locator``.</doc>
<arguments>
<arg>xpath=(.//*[normalize-space(text()) and normalize-space(.)='My Offline Surveys'])[1]/following::a[2]</arg>
</arguments>
<msg timestamp="20190318 15:12:01.275" level="INFO">Clicking element 'xpath=(.//*[normalize-space(text()) and normalize-space(.)='My Offline Surveys'])[1]/following::a[2]'.</msg>
<status status="PASS" starttime="20190318 15:12:01.275" endtime="20190318 15:12:23.297"></status>
</kw>
<kw name="Wait Until Page Contains" library="Selenium2Library">
<doc>Waits until ``text`` appears on current page.</doc>
<arguments>
<arg>My Reports</arg>
</arguments>
<status status="PASS" starttime="20190318 15:12:23.297" endtime="20190318 15:12:23.326"></status>
</kw>
<kw name="Unselect Frame" library="Selenium2Library">
<doc>Sets the main frame as the current frame.</doc>
<status status="PASS" starttime="20190318 15:12:23.326" endtime="20190318 15:12:23.328"></status>
</kw>
<kw name="Select Frame" library="Selenium2Library">
<doc>Sets frame identified by ``locator`` as the current frame.</doc>
<arguments>
<arg>id=bottom</arg>
</arguments>
<msg timestamp="20190318 15:12:23.329" level="INFO">Selecting frame 'id=bottom'.</msg>
<status status="PASS" starttime="20190318 15:12:23.329" endtime="20190318 15:12:23.359"></status>
</kw>
<kw name="Click Element" library="Selenium2Library">
<doc>Click element identified by ``locator``.</doc>
<arguments>
<arg>link=BB&amp;T Test</arg>
</arguments>
<msg timestamp="20190318 15:12:23.359" level="INFO">Clicking element 'link=BB&amp;T Test'.</msg>
<status status="PASS" starttime="20190318 15:12:23.359" endtime="20190318 15:12:45.042"></status>
</kw>
<kw name="Wait Until Page Contains" library="Selenium2Library">
<doc>Waits until ``text`` appears on current page.</doc>
<arguments>
<arg>AL - Alexander City, 2055 Cherokee Road [101098]</arg>
</arguments>
<status status="PASS" starttime="20190318 15:12:45.042" endtime="20190318 15:12:45.137"></status>
</kw>
<kw name="Sleep" library="BuiltIn">
<doc>Pauses the test executed for the given time.</doc>
<arguments>
<arg>2</arg>
</arguments>
<msg timestamp="20190318 15:12:47.139" level="INFO">Slept 2 seconds</msg>
<status status="PASS" starttime="20190318 15:12:45.138" endtime="20190318 15:12:47.139"></status>
</kw>
<kw name="Click Element" library="Selenium2Library">
<doc>Click element identified by ``locator``.</doc>
<arguments>
<arg>id=gui_Export_to_Excel_middle</arg>
</arguments>
<msg timestamp="20190318 15:12:47.139" level="INFO">Clicking element 'id=gui_Export_to_Excel_middle'.</msg>
<status status="PASS" starttime="20190318 15:12:47.139" endtime="20190318 15:12:47.605"></status>
</kw>
<kw name="Unselect Frame" library="Selenium2Library">
<doc>Sets the main frame as the current frame.</doc>
<status status="PASS" starttime="20190318 15:12:47.605" endtime="20190318 15:12:47.608"></status>
</kw>
<kw name="Select Window" library="Selenium2Library">
<doc>Selects browser window matching ``locator``.</doc>
<arguments>
<arg>NEW</arg>
</arguments>
<status status="PASS" starttime="20190318 15:12:47.608" endtime="20190318 15:12:47.630"></status>
</kw>
<kw name="Click Element" library="Selenium2Library">
<doc>Click element identified by ``locator``.</doc>
<arguments>
<arg>id=gui_Continue_middle</arg>
</arguments>
<msg timestamp="20190318 15:12:47.630" level="INFO">Clicking element 'id=gui_Continue_middle'.</msg>
<status status="PASS" starttime="20190318 15:12:47.630" endtime="20190318 15:12:59.266"></status>
</kw>
<kw name="Select Frame" library="Selenium2Library">
<doc>Sets frame identified by ``locator`` as the current frame.</doc>
<arguments>
<arg>id=excelupper</arg>
</arguments>
<msg timestamp="20190318 15:12:59.266" level="INFO">Selecting frame 'id=excelupper'.</msg>
<status status="PASS" starttime="20190318 15:12:59.266" endtime="20190318 15:12:59.315"></status>
</kw>
<kw name="Click Element" library="Selenium2Library">
<doc>Click element identified by ``locator``.</doc>
<arguments>
<arg>id=gui_Close_middle</arg>
</arguments>
<msg timestamp="20190318 15:12:59.315" level="INFO">Clicking element 'id=gui_Close_middle'.</msg>
<status status="PASS" starttime="20190318 15:12:59.315" endtime="20190318 15:12:59.833"></status>
</kw>
<kw name="Select Window" library="Selenium2Library">
<doc>Selects browser window matching ``locator``.</doc>
<arguments>
<arg>MAIN</arg>
</arguments>
<status status="PASS" starttime="20190318 15:12:59.833" endtime="20190318 15:12:59.859"></status>
</kw>
<kw name="Select Frame" library="Selenium2Library">
<doc>Sets frame identified by ``locator`` as the current frame.</doc>
<arguments>
<arg>id=bottom</arg>
</arguments>
<msg timestamp="20190318 15:12:59.859" level="INFO">Selecting frame 'id=bottom'.</msg>
<status status="PASS" starttime="20190318 15:12:59.859" endtime="20190318 15:12:59.998"></status>
</kw>
<kw name="Click Element" library="Selenium2Library">
<doc>Click element identified by ``locator``.</doc>
<arguments>
<arg>id=gui_Export_to_Excel_middle</arg>
</arguments>
<msg timestamp="20190318 15:12:59.999" level="INFO">Clicking element 'id=gui_Export_to_Excel_middle'.</msg>
<status status="PASS" starttime="20190318 15:12:59.998" endtime="20190318 15:13:00.885"></status>
</kw>
<kw name="Unselect Frame" library="Selenium2Library">
<doc>Sets the main frame as the current frame.</doc>
<status status="PASS" starttime="20190318 15:13:00.885" endtime="20190318 15:13:00.898"></status>
</kw>
<kw name="Select Window" library="Selenium2Library">
<doc>Selects browser window matching ``locator``.</doc>
<arguments>
<arg>NEW</arg>
</arguments>
<status status="PASS" starttime="20190318 15:13:00.899" endtime="20190318 15:13:00.919"></status>
</kw>
<kw name="Click Element" library="Selenium2Library">
<doc>Click element identified by ``locator``.</doc>
<arguments>
<arg>name=ExcelExportAsCSV</arg>
</arguments>
<msg timestamp="20190318 15:13:00.920" level="INFO">Clicking element 'name=ExcelExportAsCSV'.</msg>
<status status="PASS" starttime="20190318 15:13:00.919" endtime="20190318 15:13:04.024"></status>
</kw>
<kw name="Click Element" library="Selenium2Library">
<doc>Click element identified by ``locator``.</doc>
<arguments>
<arg>id=gui_Continue_middle</arg>
</arguments>
<msg timestamp="20190318 15:13:04.025" level="INFO">Clicking element 'id=gui_Continue_middle'.</msg>
<status status="PASS" starttime="20190318 15:13:04.024" endtime="20190318 15:13:10.488"></status>
</kw>
<kw name="Select Frame" library="Selenium2Library">
<doc>Sets frame identified by ``locator`` as the current frame.</doc>
<arguments>
<arg>name=excelupper</arg>
</arguments>
<msg timestamp="20190318 15:13:10.489" level="INFO">Selecting frame 'name=excelupper'.</msg>
<status status="PASS" starttime="20190318 15:13:10.488" endtime="20190318 15:13:10.559"></status>
</kw>
<kw name="Wait Until Page Contains" library="Selenium2Library">
<doc>Waits until ``text`` appears on current page.</doc>
<arguments>
<arg>The Excel Export of this Milestone Report is Complete.</arg>
</arguments>
<status status="PASS" starttime="20190318 15:13:10.559" endtime="20190318 15:13:10.579"></status>
</kw>
<kw name="Click Element" library="Selenium2Library">
<doc>Click element identified by ``locator``.</doc>
<arguments>
<arg>id=gui_Close_middle</arg>
</arguments>
<msg timestamp="20190318 15:13:10.580" level="INFO">Clicking element 'id=gui_Close_middle'.</msg>
<status status="PASS" starttime="20190318 15:13:10.580" endtime="20190318 15:13:10.699"></status>
</kw>
<kw name="Select Window" library="Selenium2Library">
<doc>Selects browser window matching ``locator``.</doc>
<arguments>
<arg>MAIN</arg>
</arguments>
<status status="PASS" starttime="20190318 15:13:10.699" endtime="20190318 15:13:11.715"></status>
</kw>
<kw name="Select Frame" library="Selenium2Library">
<doc>Sets frame identified by ``locator`` as the current frame.</doc>
<arguments>
<arg>id=bottom</arg>
</arguments>
<msg timestamp="20190318 15:13:11.715" level="INFO">Selecting frame 'id=bottom'.</msg>
<status status="PASS" starttime="20190318 15:13:11.715" endtime="20190318 15:13:11.871"></status>
</kw>
<kw name="Click Element" library="Selenium2Library">
<doc>Click element identified by ``locator``.</doc>
<arguments>
<arg>id=gui_Print_View_middle</arg>
</arguments>
<msg timestamp="20190318 15:13:11.872" level="INFO">Clicking element 'id=gui_Print_View_middle'.</msg>
<status status="PASS" starttime="20190318 15:13:11.871" endtime="20190318 15:13:12.431"></status>
</kw>
<kw name="Select Window" library="Selenium2Library">
<doc>Selects browser window matching ``locator``.</doc>
<arguments>
<arg>NEW</arg>
</arguments>
<status status="PASS" starttime="20190318 15:13:12.431" endtime="20190318 15:13:12.461"></status>
</kw>
<kw name="Wait Until Page Does Not Contain" library="Selenium2Library">
<doc>Waits until ``text`` disappears from current page.</doc>
<arguments>
<arg>The Print View of this Milestone Report is being generated.</arg>
</arguments>
<status status="PASS" starttime="20190318 15:13:12.461" endtime="20190318 15:13:22.830"></status>
</kw>
<kw name="Select Window" library="Selenium2Library">
<doc>Selects browser window matching ``locator``.</doc>
<arguments>
<arg>MAIN</arg>
</arguments>
<status status="PASS" starttime="20190318 15:13:22.830" endtime="20190318 15:13:22.864"></status>
</kw>
<kw name="Select Frame" library="Selenium2Library">
<doc>Sets frame identified by ``locator`` as the current frame.</doc>
<arguments>
<arg>id=bottom</arg>
</arguments>
<msg timestamp="20190318 15:13:22.865" level="INFO">Selecting frame 'id=bottom'.</msg>
<status status="PASS" starttime="20190318 15:13:22.865" endtime="20190318 15:13:22.937"></status>
</kw>
<kw name="Click Element" library="Selenium2Library">
<doc>Click element identified by ``locator``.</doc>
<arguments>
<arg>id=gui_Back_middle</arg>
</arguments>
<msg timestamp="20190318 15:13:22.938" level="INFO">Clicking element 'id=gui_Back_middle'.</msg>
<status status="PASS" starttime="20190318 15:13:22.938" endtime="20190318 15:13:23.345"></status>
</kw>
<kw name="Wait Until Page Contains" library="Selenium2Library">
<doc>Waits until ``text`` appears on current page.</doc>
<arguments>
<arg>My Reports</arg>
</arguments>
<status status="PASS" starttime="20190318 15:13:23.346" endtime="20190318 15:13:34.035"></status>
</kw>
<kw name="Select From List By Label" library="Selenium2Library">
<doc>Selects options from selection list ``locator`` by ``labels``.</doc>
<arguments>
<arg>name=ShowOnly</arg>
<arg>Data Export Report</arg>
</arguments>
<msg timestamp="20190318 15:13:34.035" level="INFO">Selecting options from selection list 'name=ShowOnly' by label Data Export Report.</msg>
<status status="PASS" starttime="20190318 15:13:34.035" endtime="20190318 15:13:39.099"></status>
</kw>
<kw name="Click Element" library="Selenium2Library">
<doc>Click element identified by ``locator``.</doc>
<arguments>
<arg>link=Vendor PO Information</arg>
</arguments>
<msg timestamp="20190318 15:13:39.100" level="INFO">Clicking element 'link=Vendor PO Information'.</msg>
<status status="PASS" starttime="20190318 15:13:39.100" endtime="20190318 15:13:39.320"></status>
</kw>
<kw name="Select Window" library="Selenium2Library">
<doc>Selects browser window matching ``locator``.</doc>
<arguments>
<arg>NEW</arg>
</arguments>
<status status="PASS" starttime="20190318 15:13:39.320" endtime="20190318 15:13:39.338"></status>
</kw>
<kw name="Select Frame" library="Selenium2Library">
<doc>Sets frame identified by ``locator`` as the current frame.</doc>
<arguments>
<arg>id=excelupper</arg>
</arguments>
<msg timestamp="20190318 15:13:39.339" level="INFO">Selecting frame 'id=excelupper'.</msg>
<status status="PASS" starttime="20190318 15:13:39.339" endtime="20190318 15:13:40.385"></status>
</kw>
<kw name="Wait Until Page Contains" library="Selenium2Library">
<doc>Waits until ``text`` appears on current page.</doc>
<arguments>
<arg>The Data Export Report is Complete.</arg>
</arguments>
<status status="PASS" starttime="20190318 15:13:40.385" endtime="20190318 15:13:44.963"></status>
</kw>
<kw name="Click Element" library="Selenium2Library">
<doc>Click element identified by ``locator``.</doc>
<arguments>
<arg>id=gui_Close_middle</arg>
</arguments>
<msg timestamp="20190318 15:13:44.963" level="INFO">Clicking element 'id=gui_Close_middle'.</msg>
<status status="PASS" starttime="20190318 15:13:44.963" endtime="20190318 15:13:45.147"></status>
</kw>
<status status="PASS" starttime="20190318 15:12:01.106" endtime="20190318 15:13:45.147"></status>
</kw>
<kw name="Close Browser" library="Selenium2Library" type="teardown">
<doc>Closes the current browser.</doc>
<status status="PASS" starttime="20190318 15:13:45.152" endtime="20190318 15:13:47.490"></status>
</kw>
<status status="PASS" starttime="20190318 15:11:43.437" endtime="20190318 15:13:47.490" critical="yes"></status>
</test>
<status status="PASS" starttime="20190318 15:11:43.175" endtime="20190318 15:13:47.492"></status>
</suite>
<statistics>
<total>
<stat pass="1" fail="0">Critical Tests</stat>
<stat pass="1" fail="0">All Tests</stat>
</total>
<tag>
</tag>
<suite>
<stat pass="1" fail="0" id="s1" name="QA AccruentChrome">QA AccruentChrome</stat>
</suite>
</statistics>
<errors>
</errors>
</robot>
