<?xml version="1.0" encoding="UTF-8"?>
<robot generator="Robot 3.1 (Python 3.7.0 on win32)" generated="20190320 15:42:56.516" rpa="false">
<suite id="s1" name="QA AccruentChrome" source="C:\Users\Computer GAP\PycharmProjects\NewTest\QA_AccruentChrome.robot">
<test id="s1-t1" name="Log in Accruent">
<kw name="Open Url In Chorme">
<arguments>
<arg>${Url}</arg>
</arguments>
<kw name="Open Browser" library="Selenium2Library">
<doc>Opens a new browser instance to the given ``url``.</doc>
<arguments>
<arg>${Url}</arg>
<arg>Chrome</arg>
</arguments>
<msg timestamp="20190320 15:42:56.792" level="INFO">Opening browser 'Chrome' to base url 'http://exregression.accruentsystems.com:81/login/'.</msg>
<status status="PASS" starttime="20190320 15:42:56.791" endtime="20190320 15:43:00.881"></status>
</kw>
<kw name="Maximize Browser Window" library="Selenium2Library">
<doc>Maximizes current browser window.</doc>
<status status="PASS" starttime="20190320 15:43:00.881" endtime="20190320 15:43:01.998"></status>
</kw>
<kw name="Wait Until Page Contains" library="Selenium2Library">
<doc>Waits until ``text`` appears on current page.</doc>
<arguments>
<arg>Login</arg>
</arguments>
<status status="PASS" starttime="20190320 15:43:01.998" endtime="20190320 15:43:02.013"></status>
</kw>
<status status="PASS" starttime="20190320 15:42:56.790" endtime="20190320 15:43:02.013"></status>
</kw>
<kw name="Input Test On Accruent">
<kw name="Input Text" library="Selenium2Library">
<doc>Types the given ``text`` into text field identified by ``locator``.</doc>
<arguments>
<arg>id=username</arg>
<arg>${User}</arg>
</arguments>
<msg timestamp="20190320 15:43:02.014" level="INFO">Typing text 'devteam' into text field 'id=username'.</msg>
<status status="PASS" starttime="20190320 15:43:02.014" endtime="20190320 15:43:02.124"></status>
</kw>
<kw name="Sleep" library="BuiltIn">
<doc>Pauses the test executed for the given time.</doc>
<arguments>
<arg>1</arg>
</arguments>
<msg timestamp="20190320 15:43:03.128" level="INFO">Slept 1 second</msg>
<status status="PASS" starttime="20190320 15:43:02.125" endtime="20190320 15:43:03.128"></status>
</kw>
<kw name="Input Text" library="Selenium2Library">
<doc>Types the given ``text`` into text field identified by ``locator``.</doc>
<arguments>
<arg>name=password</arg>
<arg>${Password}</arg>
</arguments>
<msg timestamp="20190320 15:43:03.128" level="INFO">Typing text 'devteam123' into text field 'name=password'.</msg>
<status status="PASS" starttime="20190320 15:43:03.128" endtime="20190320 15:43:03.232"></status>
</kw>
<kw name="Sleep" library="BuiltIn">
<doc>Pauses the test executed for the given time.</doc>
<arguments>
<arg>1</arg>
</arguments>
<msg timestamp="20190320 15:43:04.233" level="INFO">Slept 1 second</msg>
<status status="PASS" starttime="20190320 15:43:03.232" endtime="20190320 15:43:04.233"></status>
</kw>
<kw name="Click Button" library="Selenium2Library">
<doc>Clicks button identified by ``locator``.</doc>
<arguments>
<arg>//input[@id='image1']</arg>
</arguments>
<msg timestamp="20190320 15:43:04.233" level="INFO">Clicking button '//input[@id='image1']'.</msg>
<status status="PASS" starttime="20190320 15:43:04.233" endtime="20190320 15:43:04.303"></status>
</kw>
<kw name="Sleep" library="BuiltIn">
<doc>Pauses the test executed for the given time.</doc>
<arguments>
<arg>1</arg>
</arguments>
<msg timestamp="20190320 15:43:05.304" level="INFO">Slept 1 second</msg>
<status status="PASS" starttime="20190320 15:43:04.303" endtime="20190320 15:43:05.304"></status>
</kw>
<kw name="Wait Until Page Contains" library="Selenium2Library">
<doc>Waits until ``text`` appears on current page.</doc>
<arguments>
<arg>Expesite</arg>
</arguments>
<status status="PASS" starttime="20190320 15:43:05.304" endtime="20190320 15:43:09.271"></status>
</kw>
<kw name="Sleep" library="BuiltIn">
<doc>Pauses the test executed for the given time.</doc>
<arguments>
<arg>1</arg>
</arguments>
<msg timestamp="20190320 15:43:10.272" level="INFO">Slept 1 second</msg>
<status status="PASS" starttime="20190320 15:43:09.271" endtime="20190320 15:43:10.272"></status>
</kw>
<status status="PASS" starttime="20190320 15:43:02.014" endtime="20190320 15:43:10.272"></status>
</kw>
<kw name="Access to the project">
<kw name="Select Frame" library="Selenium2Library">
<doc>Sets frame identified by ``locator`` as the current frame.</doc>
<arguments>
<arg>id=bottom</arg>
</arguments>
<msg timestamp="20190320 15:43:10.273" level="INFO">Selecting frame 'id=bottom'.</msg>
<status status="PASS" starttime="20190320 15:43:10.273" endtime="20190320 15:43:10.309"></status>
</kw>
<kw name="Select From List By Label" library="Selenium2Library">
<doc>Selects options from selection list ``locator`` by ``labels``.</doc>
<arguments>
<arg>id=criteriatype</arg>
<arg>Projects</arg>
</arguments>
<msg timestamp="20190320 15:43:10.310" level="INFO">Selecting options from selection list 'id=criteriatype' by label Projects.</msg>
<status status="PASS" starttime="20190320 15:43:10.310" endtime="20190320 15:43:10.404"></status>
</kw>
<kw name="Input Text" library="Selenium2Library">
<doc>Types the given ``text`` into text field identified by ``locator``.</doc>
<arguments>
<arg>id=project_keywords</arg>
<arg>${ProjectName}</arg>
</arguments>
<msg timestamp="20190320 15:43:10.404" level="INFO">Typing text 'Karen's Test Project' into text field 'id=project_keywords'.</msg>
<status status="PASS" starttime="20190320 15:43:10.404" endtime="20190320 15:43:10.597"></status>
</kw>
<kw name="Sleep" library="BuiltIn">
<doc>Pauses the test executed for the given time.</doc>
<arguments>
<arg>2</arg>
</arguments>
<msg timestamp="20190320 15:43:12.598" level="INFO">Slept 2 seconds</msg>
<status status="PASS" starttime="20190320 15:43:10.597" endtime="20190320 15:43:12.598"></status>
</kw>
<kw name="Click Element" library="Selenium2Library">
<doc>Click element identified by ``locator``.</doc>
<arguments>
<arg>xpath=(.//*[normalize-space(text()) and normalize-space(.)='Search'])[1]/following::font[2]</arg>
</arguments>
<msg timestamp="20190320 15:43:12.598" level="INFO">Clicking element 'xpath=(.//*[normalize-space(text()) and normalize-space(.)='Search'])[1]/following::font[2]'.</msg>
<status status="PASS" starttime="20190320 15:43:12.598" endtime="20190320 15:43:13.900"></status>
</kw>
<kw name="Unselect Frame" library="Selenium2Library">
<doc>Sets the main frame as the current frame.</doc>
<status status="PASS" starttime="20190320 15:43:13.900" endtime="20190320 15:43:13.902"></status>
</kw>
<status status="PASS" starttime="20190320 15:43:10.272" endtime="20190320 15:43:13.902"></status>
</kw>
<kw name="Documents">
<kw name="Select Frame" library="Selenium2Library">
<doc>Sets frame identified by ``locator`` as the current frame.</doc>
<arguments>
<arg>id=top</arg>
</arguments>
<msg timestamp="20190320 15:43:13.903" level="INFO">Selecting frame 'id=top'.</msg>
<status status="PASS" starttime="20190320 15:43:13.903" endtime="20190320 15:43:13.938"></status>
</kw>
<kw name="Click Element" library="Selenium2Library">
<doc>Click element identified by ``locator``.</doc>
<arguments>
<arg>link=Documents</arg>
</arguments>
<msg timestamp="20190320 15:43:13.938" level="INFO">Clicking element 'link=Documents'.</msg>
<status status="PASS" starttime="20190320 15:43:13.938" endtime="20190320 15:43:15.932"></status>
</kw>
<kw name="Sleep" library="BuiltIn">
<doc>Pauses the test executed for the given time.</doc>
<arguments>
<arg>3</arg>
</arguments>
<msg timestamp="20190320 15:43:18.933" level="INFO">Slept 3 seconds</msg>
<status status="PASS" starttime="20190320 15:43:15.932" endtime="20190320 15:43:18.933"></status>
</kw>
<kw name="Unselect Frame" library="Selenium2Library">
<doc>Sets the main frame as the current frame.</doc>
<status status="PASS" starttime="20190320 15:43:18.933" endtime="20190320 15:43:18.936"></status>
</kw>
<kw name="Select Frame" library="Selenium2Library">
<doc>Sets frame identified by ``locator`` as the current frame.</doc>
<arguments>
<arg>id=bottom</arg>
</arguments>
<msg timestamp="20190320 15:43:18.937" level="INFO">Selecting frame 'id=bottom'.</msg>
<status status="PASS" starttime="20190320 15:43:18.936" endtime="20190320 15:43:18.958"></status>
</kw>
<kw name="Select Frame" library="Selenium2Library">
<doc>Sets frame identified by ``locator`` as the current frame.</doc>
<arguments>
<arg>name=dochead</arg>
</arguments>
<msg timestamp="20190320 15:43:18.959" level="INFO">Selecting frame 'name=dochead'.</msg>
<status status="PASS" starttime="20190320 15:43:18.958" endtime="20190320 15:43:18.992"></status>
</kw>
<kw name="Click Element" library="Selenium2Library">
<doc>Click element identified by ``locator``.</doc>
<arguments>
<arg>id=gui_New_Folder_middle</arg>
</arguments>
<msg timestamp="20190320 15:43:18.993" level="INFO">Clicking element 'id=gui_New_Folder_middle'.</msg>
<status status="PASS" starttime="20190320 15:43:18.993" endtime="20190320 15:43:19.738"></status>
</kw>
<kw name="Sleep" library="BuiltIn">
<doc>Pauses the test executed for the given time.</doc>
<arguments>
<arg>3</arg>
</arguments>
<msg timestamp="20190320 15:43:22.739" level="INFO">Slept 3 seconds</msg>
<status status="PASS" starttime="20190320 15:43:19.738" endtime="20190320 15:43:22.739"></status>
</kw>
<kw name="Unselect Frame" library="Selenium2Library">
<doc>Sets the main frame as the current frame.</doc>
<status status="PASS" starttime="20190320 15:43:22.739" endtime="20190320 15:43:22.741"></status>
</kw>
<kw name="Select Frame" library="Selenium2Library">
<doc>Sets frame identified by ``locator`` as the current frame.</doc>
<arguments>
<arg>id=bottom</arg>
</arguments>
<msg timestamp="20190320 15:43:22.741" level="INFO">Selecting frame 'id=bottom'.</msg>
<status status="PASS" starttime="20190320 15:43:22.741" endtime="20190320 15:43:22.782"></status>
</kw>
<kw name="Select Frame" library="Selenium2Library">
<doc>Sets frame identified by ``locator`` as the current frame.</doc>
<arguments>
<arg>name=content</arg>
</arguments>
<msg timestamp="20190320 15:43:22.782" level="INFO">Selecting frame 'name=content'.</msg>
<status status="PASS" starttime="20190320 15:43:22.782" endtime="20190320 15:43:22.816"></status>
</kw>
<kw name="Input Text" library="Selenium2Library">
<doc>Types the given ``text`` into text field identified by ``locator``.</doc>
<arguments>
<arg>name=foldername</arg>
<arg>${FolderName}</arg>
</arguments>
<msg timestamp="20190320 15:43:22.817" level="INFO">Typing text 'AutomationTest01' into text field 'name=foldername'.</msg>
<status status="PASS" starttime="20190320 15:43:22.817" endtime="20190320 15:43:23.032"></status>
</kw>
<kw name="Click Element" library="Selenium2Library">
<doc>Click element identified by ``locator``.</doc>
<arguments>
<arg>id=gui_Save_middle</arg>
</arguments>
<msg timestamp="20190320 15:43:23.032" level="INFO">Clicking element 'id=gui_Save_middle'.</msg>
<status status="PASS" starttime="20190320 15:43:23.032" endtime="20190320 15:43:25.432"></status>
</kw>
<kw name="Sleep" library="BuiltIn">
<doc>Pauses the test executed for the given time.</doc>
<arguments>
<arg>5</arg>
</arguments>
<msg timestamp="20190320 15:43:30.432" level="INFO">Slept 5 seconds</msg>
<status status="PASS" starttime="20190320 15:43:25.432" endtime="20190320 15:43:30.432"></status>
</kw>
<kw name="Unselect Frame" library="Selenium2Library">
<doc>Sets the main frame as the current frame.</doc>
<status status="PASS" starttime="20190320 15:43:30.432" endtime="20190320 15:43:30.435"></status>
</kw>
<kw name="Select Frame" library="Selenium2Library">
<doc>Sets frame identified by ``locator`` as the current frame.</doc>
<arguments>
<arg>id=top</arg>
</arguments>
<msg timestamp="20190320 15:43:30.435" level="INFO">Selecting frame 'id=top'.</msg>
<status status="PASS" starttime="20190320 15:43:30.435" endtime="20190320 15:43:30.463"></status>
</kw>
<kw name="Click Element" library="Selenium2Library">
<doc>Click element identified by ``locator``.</doc>
<arguments>
<arg>link=Documents</arg>
</arguments>
<msg timestamp="20190320 15:43:30.463" level="INFO">Clicking element 'link=Documents'.</msg>
<status status="PASS" starttime="20190320 15:43:30.463" endtime="20190320 15:43:32.307"></status>
</kw>
<kw name="Sleep" library="BuiltIn">
<doc>Pauses the test executed for the given time.</doc>
<arguments>
<arg>10</arg>
</arguments>
<msg timestamp="20190320 15:43:42.309" level="INFO">Slept 10 seconds</msg>
<status status="PASS" starttime="20190320 15:43:32.307" endtime="20190320 15:43:42.309"></status>
</kw>
<kw name="Unselect Frame" library="Selenium2Library">
<doc>Sets the main frame as the current frame.</doc>
<status status="PASS" starttime="20190320 15:43:42.309" endtime="20190320 15:43:42.312"></status>
</kw>
<kw name="Select Frame" library="Selenium2Library">
<doc>Sets frame identified by ``locator`` as the current frame.</doc>
<arguments>
<arg>id=bottom</arg>
</arguments>
<msg timestamp="20190320 15:43:42.312" level="INFO">Selecting frame 'id=bottom'.</msg>
<status status="PASS" starttime="20190320 15:43:42.312" endtime="20190320 15:43:42.344"></status>
</kw>
<kw name="Select Frame" library="Selenium2Library">
<doc>Sets frame identified by ``locator`` as the current frame.</doc>
<arguments>
<arg>name=folders</arg>
</arguments>
<msg timestamp="20190320 15:43:42.344" level="INFO">Selecting frame 'name=folders'.</msg>
<status status="PASS" starttime="20190320 15:43:42.344" endtime="20190320 15:43:42.378"></status>
</kw>
<kw name="Select Frame" library="Selenium2Library">
<doc>Sets frame identified by ``locator`` as the current frame.</doc>
<arguments>
<arg>name=folderbrowsemain</arg>
</arguments>
<msg timestamp="20190320 15:43:42.378" level="INFO">Selecting frame 'name=folderbrowsemain'.</msg>
<status status="PASS" starttime="20190320 15:43:42.378" endtime="20190320 15:43:42.409"></status>
</kw>
<kw name="Wait Until Page Contains" library="Selenium2Library">
<doc>Waits until ``text`` appears on current page.</doc>
<arguments>
<arg>${FolderName} (0)</arg>
</arguments>
<status status="PASS" starttime="20190320 15:43:42.409" endtime="20190320 15:43:42.428"></status>
</kw>
<kw name="Click Element" library="Selenium2Library">
<doc>Click element identified by ``locator``.</doc>
<arguments>
<arg>link=${FolderName} (0)</arg>
</arguments>
<msg timestamp="20190320 15:43:42.428" level="INFO">Clicking element 'link=AutomationTest01 (0)'.</msg>
<status status="PASS" starttime="20190320 15:43:42.428" endtime="20190320 15:43:43.527"></status>
</kw>
<kw name="Unselect Frame" library="Selenium2Library">
<doc>Sets the main frame as the current frame.</doc>
<status status="PASS" starttime="20190320 15:43:43.528" endtime="20190320 15:43:43.533"></status>
</kw>
<kw name="Select Frame" library="Selenium2Library">
<doc>Sets frame identified by ``locator`` as the current frame.</doc>
<arguments>
<arg>id=bottom</arg>
</arguments>
<msg timestamp="20190320 15:43:43.533" level="INFO">Selecting frame 'id=bottom'.</msg>
<status status="PASS" starttime="20190320 15:43:43.533" endtime="20190320 15:43:43.567"></status>
</kw>
<kw name="Select Frame" library="Selenium2Library">
<doc>Sets frame identified by ``locator`` as the current frame.</doc>
<arguments>
<arg>name=dochead</arg>
</arguments>
<msg timestamp="20190320 15:43:43.568" level="INFO">Selecting frame 'name=dochead'.</msg>
<status status="PASS" starttime="20190320 15:43:43.567" endtime="20190320 15:43:43.618"></status>
</kw>
<kw name="Click Element" library="Selenium2Library">
<doc>Click element identified by ``locator``.</doc>
<arguments>
<arg>id=gui_Upload_middle</arg>
</arguments>
<msg timestamp="20190320 15:43:43.619" level="INFO">Clicking element 'id=gui_Upload_middle'.</msg>
<status status="PASS" starttime="20190320 15:43:43.618" endtime="20190320 15:43:44.486"></status>
</kw>
<kw name="Unselect Frame" library="Selenium2Library">
<doc>Sets the main frame as the current frame.</doc>
<status status="PASS" starttime="20190320 15:43:44.486" endtime="20190320 15:43:44.493"></status>
</kw>
<kw name="Select Frame" library="Selenium2Library">
<doc>Sets frame identified by ``locator`` as the current frame.</doc>
<arguments>
<arg>id=bottom</arg>
</arguments>
<msg timestamp="20190320 15:43:44.494" level="INFO">Selecting frame 'id=bottom'.</msg>
<status status="PASS" starttime="20190320 15:43:44.494" endtime="20190320 15:43:44.543"></status>
</kw>
<kw name="Choose File" library="Selenium2Library">
<doc>Inputs the ``file_path`` into file input field ``locator``.</doc>
<arguments>
<arg>id=file1</arg>
<arg>${EFR}</arg>
</arguments>
<status status="PASS" starttime="20190320 15:43:44.543" endtime="20190320 15:43:44.601"></status>
</kw>
<kw name="Choose File" library="Selenium2Library">
<doc>Inputs the ``file_path`` into file input field ``locator``.</doc>
<arguments>
<arg>id=file1</arg>
<arg>${PFR}</arg>
</arguments>
<status status="PASS" starttime="20190320 15:43:44.601" endtime="20190320 15:43:44.634"></status>
</kw>
<kw name="Choose File" library="Selenium2Library">
<doc>Inputs the ``file_path`` into file input field ``locator``.</doc>
<arguments>
<arg>id=file1</arg>
<arg>${IFR}</arg>
</arguments>
<status status="PASS" starttime="20190320 15:43:44.635" endtime="20190320 15:43:44.667"></status>
</kw>
<kw name="Click Element" library="Selenium2Library">
<doc>Click element identified by ``locator``.</doc>
<arguments>
<arg>id=gui_Upload_middle</arg>
</arguments>
<msg timestamp="20190320 15:43:44.667" level="INFO">Clicking element 'id=gui_Upload_middle'.</msg>
<status status="PASS" starttime="20190320 15:43:44.667" endtime="20190320 15:43:44.877"></status>
</kw>
<kw name="Wait Until Page Contains" library="Selenium2Library">
<doc>Waits until ``text`` appears on current page.</doc>
<arguments>
<arg>Success!</arg>
</arguments>
<status status="PASS" starttime="20190320 15:43:44.877" endtime="20190320 15:43:46.148"></status>
</kw>
<kw name="Click Element" library="Selenium2Library">
<doc>Click element identified by ``locator``.</doc>
<arguments>
<arg>id=gui_Do_It_Now_middle</arg>
</arguments>
<msg timestamp="20190320 15:43:46.149" level="INFO">Clicking element 'id=gui_Do_It_Now_middle'.</msg>
<status status="PASS" starttime="20190320 15:43:46.148" endtime="20190320 15:43:47.117"></status>
</kw>
<kw name="Click Element" library="Selenium2Library">
<doc>Click element identified by ``locator``.</doc>
<arguments>
<arg>id=gui_Cancel_middle</arg>
</arguments>
<msg timestamp="20190320 15:43:47.118" level="INFO">Clicking element 'id=gui_Cancel_middle'.</msg>
<status status="PASS" starttime="20190320 15:43:47.118" endtime="20190320 15:43:48.356"></status>
</kw>
<kw name="Unselect Frame" library="Selenium2Library">
<doc>Sets the main frame as the current frame.</doc>
<status status="PASS" starttime="20190320 15:43:48.357" endtime="20190320 15:43:48.358"></status>
</kw>
<kw name="Select Frame" library="Selenium2Library">
<doc>Sets frame identified by ``locator`` as the current frame.</doc>
<arguments>
<arg>id=bottom</arg>
</arguments>
<msg timestamp="20190320 15:43:48.359" level="INFO">Selecting frame 'id=bottom'.</msg>
<status status="PASS" starttime="20190320 15:43:48.359" endtime="20190320 15:43:48.379"></status>
</kw>
<kw name="Select Frame" library="Selenium2Library">
<doc>Sets frame identified by ``locator`` as the current frame.</doc>
<arguments>
<arg>name=content</arg>
</arguments>
<msg timestamp="20190320 15:43:48.380" level="INFO">Selecting frame 'name=content'.</msg>
<status status="PASS" starttime="20190320 15:43:48.379" endtime="20190320 15:43:48.417"></status>
</kw>
<kw name="Wait Until Page Contains" library="Selenium2Library">
<doc>Waits until ``text`` appears on current page.</doc>
<arguments>
<arg>${EFN}</arg>
</arguments>
<status status="PASS" starttime="20190320 15:43:48.417" endtime="20190320 15:43:48.432"></status>
</kw>
<kw name="Wait Until Page Contains" library="Selenium2Library">
<doc>Waits until ``text`` appears on current page.</doc>
<arguments>
<arg>${PFN}</arg>
</arguments>
<status status="PASS" starttime="20190320 15:43:48.433" endtime="20190320 15:43:48.448"></status>
</kw>
<kw name="Wait Until Page Contains" library="Selenium2Library">
<doc>Waits until ``text`` appears on current page.</doc>
<arguments>
<arg>${IFN}</arg>
</arguments>
<status status="PASS" starttime="20190320 15:43:48.449" endtime="20190320 15:43:48.461"></status>
</kw>
<kw name="Sleep" library="BuiltIn">
<doc>Pauses the test executed for the given time.</doc>
<arguments>
<arg>3</arg>
</arguments>
<msg timestamp="20190320 15:43:51.463" level="INFO">Slept 3 seconds</msg>
<status status="PASS" starttime="20190320 15:43:48.461" endtime="20190320 15:43:51.463"></status>
</kw>
<status status="PASS" starttime="20190320 15:43:13.902" endtime="20190320 15:43:51.463"></status>
</kw>
<kw name="Close Browser" library="Selenium2Library" type="teardown">
<doc>Closes the current browser.</doc>
<status status="PASS" starttime="20190320 15:43:51.464" endtime="20190320 15:43:53.686"></status>
</kw>
<status status="PASS" starttime="20190320 15:42:56.789" endtime="20190320 15:43:53.686" critical="yes"></status>
</test>
<status status="PASS" starttime="20190320 15:42:56.518" endtime="20190320 15:43:53.688"></status>
</suite>
<statistics>
<total>
<stat pass="1" fail="0">Critical Tests</stat>
<stat pass="1" fail="0">All Tests</stat>
</total>
<tag>
</tag>
<suite>
<stat pass="1" fail="0" id="s1" name="QA AccruentChrome">QA AccruentChrome</stat>
</suite>
</statistics>
<errors>
</errors>
</robot>
